<?xml version="1.0" encoding="UTF-8"?>
<!-- Generated by org.testng.reporters.JUnitXMLReporter -->
<testsuite ignored="0" hostname="Fallal" failures="1" tests="4" name="Surefire test" time="19.042" errors="0" timestamp="2025-10-24T22:02:24 EEST">
  <testcase classname="com.spacetest.demoblaze.tests.HomePageTest" name="testCartLink" time="0.95"/>
  <testcase classname="com.spacetest.demoblaze.tests.HomePageTest" name="testContactLink" time="0.099">
    <failure type="java.lang.AssertionError" message="Contact modal is not displayed. expected [true] but found [false]">
      <![CDATA[java.lang.AssertionError: Contact modal is not displayed. expected [true] but found [false]
at com.spacetest.demoblaze.tests.HomePageTest.testContactLink(HomePageTest.java:42)
at java.base/java.util.ArrayList.forEach(ArrayList.java:1604)
... Removed 33 stack frames]]>
    </failure>
  </testcase> <!-- testContactLink -->
  <testcase classname="com.spacetest.demoblaze.tests.HomePageTest" name="testHomeLink" time="0.704"/>
  <testcase classname="com.spacetest.demoblaze.tests.HomePageTest" name="testLogoLink" time="0.51"/>
</testsuite> <!-- Surefire test -->
