<?xml version="1.0" encoding="UTF-8"?>
<testng-results ignored="0" total="4" passed="3" failed="1" skipped="0">
  <reporter-output>
  </reporter-output>
  <suite started-at="2025-10-24T22:02:05 EEST" name="Surefire suite" finished-at="2025-10-24T22:02:24 EEST" duration-ms="19042">
    <groups>
      <group name="NavBar">
        <method signature="HomePageTest.testCartLink()[pri:0, instance:com.spacetest.demoblaze.tests.HomePageTest@5562c41e]" name="testCartLink" class="com.spacetest.demoblaze.tests.HomePageTest"/>
        <method signature="HomePageTest.testContactLink()[pri:0, instance:com.spacetest.demoblaze.tests.HomePageTest@5562c41e]" name="testContactLink" class="com.spacetest.demoblaze.tests.HomePageTest"/>
        <method signature="HomePageTest.testHomeLink()[pri:0, instance:com.spacetest.demoblaze.tests.HomePageTest@5562c41e]" name="testHomeLink" class="com.spacetest.demoblaze.tests.HomePageTest"/>
        <method signature="HomePageTest.testLogoLink()[pri:0, instance:com.spacetest.demoblaze.tests.HomePageTest@5562c41e]" name="testLogoLink" class="com.spacetest.demoblaze.tests.HomePageTest"/>
      </group> <!-- NavBar -->
    </groups>
    <test started-at="2025-10-24T22:02:05 EEST" name="Surefire test" finished-at="2025-10-24T22:02:24 EEST" duration-ms="19042">
      <class name="com.spacetest.demoblaze.tests.HomePageTest">
        <test-method is-config="true" signature="setUp()[pri:0, instance:com.spacetest.demoblaze.tests.HomePageTest@5562c41e]" started-at="2025-10-24T22:02:05 EEST" name="setUp" finished-at="2025-10-24T22:02:08 EEST" duration-ms="3119" status="PASS">
          <reporter-output>
          </reporter-output>
        </test-method> <!-- setUp -->
        <test-method signature="testCartLink()[pri:0, instance:com.spacetest.demoblaze.tests.HomePageTest@5562c41e]" started-at="2025-10-24T22:02:08 EEST" name="testCartLink" description="Verify clicking the &#039;Cart&#039; navigates to the cartpage" finished-at="2025-10-24T22:02:09 EEST" duration-ms="950" status="PASS">
          <reporter-output>
          </reporter-output>
        </test-method> <!-- testCartLink -->
        <test-method is-config="true" signature="tearDown()[pri:0, instance:com.spacetest.demoblaze.tests.HomePageTest@5562c41e]" started-at="2025-10-24T22:02:09 EEST" name="tearDown" finished-at="2025-10-24T22:02:09 EEST" duration-ms="251" status="PASS">
          <reporter-output>
          </reporter-output>
        </test-method> <!-- tearDown -->
        <test-method is-config="true" signature="setUp()[pri:0, instance:com.spacetest.demoblaze.tests.HomePageTest@5562c41e]" started-at="2025-10-24T22:02:09 EEST" name="setUp" finished-at="2025-10-24T22:02:14 EEST" duration-ms="4475" status="PASS">
          <reporter-output>
          </reporter-output>
        </test-method> <!-- setUp -->
        <test-method signature="testContactLink()[pri:0, instance:com.spacetest.demoblaze.tests.HomePageTest@5562c41e]" started-at="2025-10-24T22:02:14 EEST" name="testContactLink" description="Verify clicking the &#039;Contact&#039; opens the contact modal" finished-at="2025-10-24T22:02:14 EEST" duration-ms="99" status="FAIL">
          <exception class="java.lang.AssertionError">
            <message>
              <![CDATA[Contact modal is not displayed. expected [true] but found [false]]]>
            </message>
            <full-stacktrace>
              <![CDATA[java.lang.AssertionError: Contact modal is not displayed. expected [true] but found [false]
at org.testng.Assert.fail(Assert.java:111)
at org.testng.Assert.failNotEquals(Assert.java:1590)
at org.testng.Assert.assertTrue(Assert.java:57)
at com.spacetest.demoblaze.tests.HomePageTest.testContactLink(HomePageTest.java:42)
at java.base/jdk.internal.reflect.DirectMethodHandleAccessor.invoke(DirectMethodHandleAccessor.java:104)
at java.base/java.lang.reflect.Method.invoke(Method.java:565)
at org.testng.internal.invokers.MethodInvocationHelper.invokeMethod(MethodInvocationHelper.java:141)
at org.testng.internal.invokers.TestInvoker.invokeMethod(TestInvoker.java:687)
at org.testng.internal.invokers.TestInvoker.invokeTestMethod(TestInvoker.java:230)
at org.testng.internal.invokers.MethodRunner.runInSequence(MethodRunner.java:63)
at org.testng.internal.invokers.TestInvoker$MethodInvocationAgent.invoke(TestInvoker.java:995)
at org.testng.internal.invokers.TestInvoker.invokeTestMethods(TestInvoker.java:203)
at org.testng.internal.invokers.TestMethodWorker.invokeTestMethods(TestMethodWorker.java:154)
at org.testng.internal.invokers.TestMethodWorker.run(TestMethodWorker.java:134)
at java.base/java.util.ArrayList.forEach(ArrayList.java:1604)
at org.testng.TestRunner.privateRun(TestRunner.java:741)
at org.testng.TestRunner.run(TestRunner.java:616)
at org.testng.SuiteRunner.runTest(SuiteRunner.java:421)
at org.testng.SuiteRunner.runSequentially(SuiteRunner.java:413)
at org.testng.SuiteRunner.privateRun(SuiteRunner.java:373)
at org.testng.SuiteRunner.run(SuiteRunner.java:312)
at org.testng.SuiteRunnerWorker.runSuite(SuiteRunnerWorker.java:52)
at org.testng.SuiteRunnerWorker.run(SuiteRunnerWorker.java:95)
at org.testng.TestNG.runSuitesSequentially(TestNG.java:1274)
at org.testng.TestNG.runSuitesLocally(TestNG.java:1208)
at org.testng.TestNG.runSuites(TestNG.java:1112)
at org.testng.TestNG.run(TestNG.java:1079)
at org.apache.maven.surefire.testng.TestNGExecutor.run(TestNGExecutor.java:155)
at org.apache.maven.surefire.testng.TestNGDirectoryTestSuite.executeMulti(TestNGDirectoryTestSuite.java:169)
at org.apache.maven.surefire.testng.TestNGDirectoryTestSuite.execute(TestNGDirectoryTestSuite.java:88)
at org.apache.maven.surefire.testng.TestNGProvider.invoke(TestNGProvider.java:137)
at org.apache.maven.surefire.booter.ForkedBooter.runSuitesInProcess(ForkedBooter.java:385)
at org.apache.maven.surefire.booter.ForkedBooter.execute(ForkedBooter.java:162)
at org.apache.maven.surefire.booter.ForkedBooter.run(ForkedBooter.java:507)
at org.apache.maven.surefire.booter.ForkedBooter.main(ForkedBooter.java:495)
]]>
            </full-stacktrace>
          </exception> <!-- java.lang.AssertionError -->
          <reporter-output>
          </reporter-output>
        </test-method> <!-- testContactLink -->
        <test-method is-config="true" signature="tearDown()[pri:0, instance:com.spacetest.demoblaze.tests.HomePageTest@5562c41e]" started-at="2025-10-24T22:02:14 EEST" name="tearDown" finished-at="2025-10-24T22:02:14 EEST" duration-ms="260" status="PASS">
          <reporter-output>
          </reporter-output>
        </test-method> <!-- tearDown -->
        <test-method is-config="true" signature="setUp()[pri:0, instance:com.spacetest.demoblaze.tests.HomePageTest@5562c41e]" started-at="2025-10-24T22:02:14 EEST" name="setUp" finished-at="2025-10-24T22:02:19 EEST" duration-ms="5293" status="PASS">
          <reporter-output>
          </reporter-output>
        </test-method> <!-- setUp -->
        <test-method signature="testHomeLink()[pri:0, instance:com.spacetest.demoblaze.tests.HomePageTest@5562c41e]" started-at="2025-10-24T22:02:19 EEST" name="testHomeLink" description="Verify clicking the &#039;Home&#039; navigates to the homepage" finished-at="2025-10-24T22:02:20 EEST" duration-ms="704" status="PASS">
          <reporter-output>
          </reporter-output>
        </test-method> <!-- testHomeLink -->
        <test-method is-config="true" signature="tearDown()[pri:0, instance:com.spacetest.demoblaze.tests.HomePageTest@5562c41e]" started-at="2025-10-24T22:02:20 EEST" name="tearDown" finished-at="2025-10-24T22:02:20 EEST" duration-ms="269" status="PASS">
          <reporter-output>
          </reporter-output>
        </test-method> <!-- tearDown -->
        <test-method is-config="true" signature="setUp()[pri:0, instance:com.spacetest.demoblaze.tests.HomePageTest@5562c41e]" started-at="2025-10-24T22:02:20 EEST" name="setUp" finished-at="2025-10-24T22:02:23 EEST" duration-ms="2739" status="PASS">
          <reporter-output>
          </reporter-output>
        </test-method> <!-- setUp -->
        <test-method signature="testLogoLink()[pri:0, instance:com.spacetest.demoblaze.tests.HomePageTest@5562c41e]" started-at="2025-10-24T22:02:23 EEST" name="testLogoLink" description="Verify clicking the &#039;Logo&#039; navigates to the homepage" finished-at="2025-10-24T22:02:24 EEST" duration-ms="510" status="PASS">
          <reporter-output>
          </reporter-output>
        </test-method> <!-- testLogoLink -->
        <test-method is-config="true" signature="tearDown()[pri:0, instance:com.spacetest.demoblaze.tests.HomePageTest@5562c41e]" started-at="2025-10-24T22:02:24 EEST" name="tearDown" finished-at="2025-10-24T22:02:24 EEST" duration-ms="241" status="PASS">
          <reporter-output>
          </reporter-output>
        </test-method> <!-- tearDown -->
      </class> <!-- com.spacetest.demoblaze.tests.HomePageTest -->
    </test> <!-- Surefire test -->
  </suite> <!-- Surefire suite -->
</testng-results>
